<?xml version="1.0" encoding="UTF-8"?>
<!-- Generated by org.testng.reporters.JUnitXMLReporter -->
<testsuite ignored="0" hostname="DESKTOP-P28HKM6" failures="0" tests="2" name="Default test" time="0.095" errors="0" timestamp="2022-09-22T14:36:48 IST">
  <testcase classname="Pack6.TesNgirctc" name="@BeforeTest openBrowser" time="-1.66383760785E9">
    <failure type="org.testng.TestNGException" message="
Parameter &amp;apos;browser&amp;apos; is required by BeforeTest on method openBrowser but has not been marked @Optional or defined
in C:\Users\Shree\AppData\Local\Temp\testng-eclipse-1221606566\testng-customsuite.xml">
      <![CDATA[org.testng.TestNGException: 
Parameter 'browser' is required by BeforeTest on method openBrowser but has not been marked @Optional or defined
in C:\Users\Shree\AppData\Local\Temp\testng-eclipse-1221606566\testng-customsuite.xml
at org.testng.internal.Parameters.createParams(Parameters.java:270)
at org.testng.internal.Parameters.createParametersForMethod(Parameters.java:358)
at org.testng.internal.Parameters.createParameters(Parameters.java:700)
at org.testng.internal.Parameters.createConfigurationParameters(Parameters.java:168)
at org.testng.internal.ConfigInvoker.invokeConfigurations(ConfigInvoker.java:302)
at org.testng.TestRunner.invokeTestConfigurations(TestRunner.java:637)
at org.testng.TestRunner.beforeRun(TestRunner.java:627)
at org.testng.TestRunner.run(TestRunner.java:589)
at org.testng.SuiteRunner.runTest(SuiteRunner.java:377)
at org.testng.SuiteRunner.runSequentially(SuiteRunner.java:371)
at org.testng.SuiteRunner.privateRun(SuiteRunner.java:332)
at org.testng.SuiteRunner.run(SuiteRunner.java:276)
at org.testng.SuiteRunnerWorker.runSuite(SuiteRunnerWorker.java:53)
at org.testng.SuiteRunnerWorker.run(SuiteRunnerWorker.java:96)
at org.testng.TestNG.runSuitesSequentially(TestNG.java:1212)
at org.testng.TestNG.runSuitesLocally(TestNG.java:1134)
at org.testng.TestNG.runSuites(TestNG.java:1063)
at org.testng.TestNG.run(TestNG.java:1031)
at org.testng.remote.AbstractRemoteTestNG.run(AbstractRemoteTestNG.java:115)
at org.testng.remote.RemoteTestNG.initAndRun(RemoteTestNG.java:251)
at org.testng.remote.RemoteTestNG.main(RemoteTestNG.java:77)
]]>
    </failure>
  </testcase> <!-- @BeforeTest openBrowser -->
  <testcase classname="Pack6.TesNgirctc" name="@BeforeClass beforeclass" time="-1.663837607893E9">
    <skipped/>
  </testcase> <!-- @BeforeClass beforeclass -->
  <testcase classname="Pack6.TesNgirctc" name="@BeforeMethod beformethod" time="-1.66383760791E9">
    <skipped/>
  </testcase> <!-- @BeforeMethod beformethod -->
  <testcase classname="Pack6.TesNgirctc" name="@AfterMethod aftermethod" time="-1.663837607919E9">
    <skipped/>
  </testcase> <!-- @AfterMethod aftermethod -->
  <testcase classname="Pack6.TesNgirctc" name="@BeforeMethod beformethod" time="-1.663837607922E9">
    <skipped/>
  </testcase> <!-- @BeforeMethod beformethod -->
  <testcase classname="Pack6.TesNgirctc" name="@AfterMethod aftermethod" time="-1.663837607928E9">
    <skipped/>
  </testcase> <!-- @AfterMethod aftermethod -->
  <testcase classname="Pack6.TesNgirctc" name="@AfterClass closeobject" time="-1.663837607931E9">
    <skipped/>
  </testcase> <!-- @AfterClass closeobject -->
  <testcase classname="Pack6.TesNgirctc" name="@AfterTest aftertest" time="-1.663837607936E9">
    <skipped/>
  </testcase> <!-- @AfterTest aftertest -->
  <testcase classname="Pack6.TesNgirctc" name="verifyrediobutton" time="0.0">
    <skipped/>
  </testcase> <!-- verifyrediobutton -->
  <testcase classname="Pack6.TesNgirctc" name="verifyselectdropdown" time="0.0">
    <skipped/>
  </testcase> <!-- verifyselectdropdown -->
</testsuite> <!-- Default test -->
