<?xml version="1.0" encoding="UTF-8"?>
<!-- Generated by org.testng.reporters.JUnitXMLReporter -->
<testsuite ignored="0" hostname="DESKTOP-P28HKM6" failures="0" tests="2" name="ChromeTest" time="50.527" errors="0" timestamp="2022-09-19T13:45:21 IST">
  <testcase classname="Pack6.TesNgirctc" name="@BeforeMethod beformethod" time="31.203">
    <failure type="org.openqa.selenium.NoSuchElementException" message="Cannot locate an element using xpath=//span[@class=&amp;apos;allcircle circletwo&amp;apos;]
For documentation on this error, please visit: https://www.seleniumhq.org/exceptions/no_such_element.html
Build info: version: &amp;apos;3.141.59&amp;apos;, revision: &amp;apos;e82be7d358&amp;apos;, time: &amp;apos;2018-11-14T08:17:03&amp;apos;
System info: host: &amp;apos;DESKTOP-P28HKM6&amp;apos;, ip: &amp;apos;192.168.43.68&amp;apos;, os.name: &amp;apos;Windows 10&amp;apos;, os.arch: &amp;apos;amd64&amp;apos;, os.version: &amp;apos;10.0&amp;apos;, java.version: &amp;apos;18.0.1.1&amp;apos;
Driver info: driver.version: RemoteWebDriver">
      <![CDATA[org.openqa.selenium.NoSuchElementException: Cannot locate an element using xpath=//span[@class='allcircle circletwo']
For documentation on this error, please visit: https://www.seleniumhq.org/exceptions/no_such_element.html
Build info: version: '3.141.59', revision: 'e82be7d358', time: '2018-11-14T08:17:03'
System info: host: 'DESKTOP-P28HKM6', ip: '192.168.43.68', os.name: 'Windows 10', os.arch: 'amd64', os.version: '10.0', java.version: '18.0.1.1'
Driver info: driver.version: RemoteWebDriver
at org.openqa.selenium.remote.RemoteWebDriver.findElement(RemoteWebDriver.java:327)
at org.openqa.selenium.remote.RemoteWebDriver.findElementByXPath(RemoteWebDriver.java:428)
at org.openqa.selenium.By$ByXPath.findElement(By.java:353)
at org.openqa.selenium.remote.RemoteWebDriver.findElement(RemoteWebDriver.java:315)
at org.openqa.selenium.support.pagefactory.DefaultElementLocator.findElement(DefaultElementLocator.java:69)
at org.openqa.selenium.support.pagefactory.internal.LocatingElementHandler.invoke(LocatingElementHandler.java:38)
at jdk.proxy2/jdk.proxy2.$Proxy17.click(Unknown Source)
at Pages.HomePageirctc.searchHotel(HomePageirctc.java:66)
at Pack6.TesNgirctc.beformethod(TesNgirctc.java:63)
at java.base/java.util.ArrayList.forEach(ArrayList.java:1511)
... Removed 29 stack frames]]>
    </failure>
  </testcase> <!-- @BeforeMethod beformethod -->
  <testcase classname="Pack6.TesNgirctc" name="@AfterMethod aftermethod" time="-1.663575321512E9">
    <skipped/>
  </testcase> <!-- @AfterMethod aftermethod -->
  <testcase classname="Pack6.TesNgirctc" name="@BeforeMethod beformethod" time="-1.663575321515E9">
    <skipped/>
  </testcase> <!-- @BeforeMethod beformethod -->
  <testcase classname="Pack6.TesNgirctc" name="@AfterMethod aftermethod" time="-1.663575321522E9">
    <skipped/>
  </testcase> <!-- @AfterMethod aftermethod -->
  <testcase classname="Pack6.TesNgirctc" name="@AfterClass closeobject" time="-1.663575321525E9">
    <skipped/>
  </testcase> <!-- @AfterClass closeobject -->
  <testcase classname="Pack6.TesNgirctc" name="@AfterTest aftertest" time="-1.663575321528E9">
    <skipped/>
  </testcase> <!-- @AfterTest aftertest -->
  <testcase classname="Pack6.TesNgirctc" name="verifyrediobutton" time="0.0">
    <skipped/>
  </testcase> <!-- verifyrediobutton -->
  <testcase classname="Pack6.TesNgirctc" name="verifyselectdropdown" time="0.0">
    <skipped/>
  </testcase> <!-- verifyselectdropdown -->
</testsuite> <!-- ChromeTest -->
